

*******************************************************************************
Tue Aug 20 20:06:34 2019


FIT:    data read from 'mileTimes.dat' u 1:2
        format = x:z
        #datapoints = 5
        residuals are weighted equally (unit weight)

function used for fitting: f(x)
	f(x) = mean_y
fitted parameters initialized with current variable values

iter      chisq       delta/lim  lambda   mean_y       
   0 7.0259895445e+02   0.00e+00  1.00e+00    1.000000e+00
   4 2.8568204480e+00  -1.09e-09  1.00e-04    1.282998e+01

After 4 iterations the fit converged.
final sum of squares of residuals : 2.85682
rel. change during last iteration : -1.08814e-14

degrees of freedom    (FIT_NDF)                        : 4
rms of residuals      (FIT_STDFIT) = sqrt(WSSR/ndf)    : 0.845107
variance of residuals (reduced chisquare) = WSSR/ndf   : 0.714205

Final set of parameters            Asymptotic Standard Error
=======================            ==========================
mean_y          = 12.83            +/- 0.3779       (2.946%)


*******************************************************************************
Tue Aug 20 20:07:35 2019


FIT:    data read from 'mileTimes.dat' u 1:2
        format = x:z
        #datapoints = 5
        residuals are weighted equally (unit weight)

function used for fitting: f(x)
	f(x) = mean_y
fitted parameters initialized with current variable values

iter      chisq       delta/lim  lambda   mean_y       
   0 7.0259895445e+02   0.00e+00  1.00e+00    1.000000e+00
   4 2.8568204480e+00  -1.09e-09  1.00e-04    1.282998e+01

After 4 iterations the fit converged.
final sum of squares of residuals : 2.85682
rel. change during last iteration : -1.08814e-14

degrees of freedom    (FIT_NDF)                        : 4
rms of residuals      (FIT_STDFIT) = sqrt(WSSR/ndf)    : 0.845107
variance of residuals (reduced chisquare) = WSSR/ndf   : 0.714205

Final set of parameters            Asymptotic Standard Error
=======================            ==========================
mean_y          = 12.83            +/- 0.3779       (2.946%)
